<?xml version="1.0" encoding="UTF-8"?>
<testng-results skipped="0" failed="0" total="1" passed="1">
  <reporter-output>
  </reporter-output>
  <suite name="BDD Test Suite" duration-ms="45581" started-at="2019-11-06T06:23:32Z" finished-at="2019-11-06T06:24:17Z">
    <groups>
      <group name="cucumber">
        <method signature="TestRunner.feature(cucumber.api.testng.CucumberFeatureWrapper)[pri:0, instance:dm.runner.TestRunner@6e06451e]" name="feature" class="dm.runner.TestRunner"/>
      </group> <!-- cucumber -->
    </groups>
    <test name="Login and Update Profile Test" duration-ms="45581" started-at="2019-11-06T06:23:32Z" finished-at="2019-11-06T06:24:17Z">
      <class name="dm.runner.TestRunner">
        <test-method status="PASS" signature="setUpClass(java.lang.String, java.lang.String, java.lang.String)[pri:0, instance:dm.runner.TestRunner@6e06451e]" name="setUpClass" is-config="true" duration-ms="346" started-at="2019-11-06T11:53:32Z" finished-at="2019-11-06T11:53:32Z">
          <params>
            <param index="0">
              <value>
                <![CDATA[Chrome]]>
              </value>
            </param>
            <param index="1">
              <value>
                <![CDATA[Petronos]]>
              </value>
            </param>
            <param index="2">
              <value>
                <![CDATA[UAT]]>
              </value>
            </param>
          </params>
          <reporter-output>
          </reporter-output>
        </test-method> <!-- setUpClass -->
        <test-method status="PASS" signature="feature(cucumber.api.testng.CucumberFeatureWrapper)[pri:0, instance:dm.runner.TestRunner@6e06451e]" name="feature" duration-ms="44778" started-at="2019-11-06T11:53:32Z" description="Runs Cucumber Feature" data-provider="features" finished-at="2019-11-06T11:54:17Z">
          <params>
            <param index="0">
              <value>
                <![CDATA[Web]]>
              </value>
            </param>
          </params>
          <reporter-output>
          </reporter-output>
        </test-method> <!-- feature -->
        <test-method status="PASS" signature="tearDownClass()[pri:0, instance:dm.runner.TestRunner@6e06451e]" name="tearDownClass" is-config="true" duration-ms="329" started-at="2019-11-06T11:54:17Z" finished-at="2019-11-06T11:54:17Z">
          <reporter-output>
          </reporter-output>
        </test-method> <!-- tearDownClass -->
      </class> <!-- dm.runner.TestRunner -->
    </test> <!-- Login and Update Profile Test -->
  </suite> <!-- BDD Test Suite -->
</testng-results>
